<?xml version="1.0" encoding="UTF-8"?>
<!-- Generated by org.testng.reporters.JUnitReportReporter -->
<testsuite hostname="IN-63MZ9K3" failures="0" tests="8" name="com.nagarro.qa.testcases.LaunchPageTest" time="12.894" errors="0" timestamp="2022-09-20T14:32:46 IST" skipped="0">
  <testcase classname="com.nagarro.qa.testcases.LaunchPageTest" name="launchNagarroPageValidation" time="0.125"/>
  <system-out/>
  <testcase classname="com.nagarro.qa.testcases.LaunchPageTest" name="launchNagarroPageValidation" time="0.158"/>
  <system-out/>
  <testcase classname="com.nagarro.qa.testcases.LaunchPageTest" name="pageLableValidation" time="0.071"/>
  <system-out/>
  <testcase classname="com.nagarro.qa.testcases.LaunchPageTest" name="pageLableValidation" time="0.063"/>
  <system-out/>
  <testcase classname="com.nagarro.qa.testcases.LaunchPageTest" name="aboutUsButtonClick" time="6.155"/>
  <system-out/>
  <testcase classname="com.nagarro.qa.testcases.LaunchPageTest" name="aboutUsButtonClick" time="6.163"/>
  <system-out/>
  <testcase classname="com.nagarro.qa.testcases.LaunchPageTest" name="NagarroAboutUsPageValidation" time="0.103"/>
  <system-out/>
  <testcase classname="com.nagarro.qa.testcases.LaunchPageTest" name="NagarroAboutUsPageValidation" time="0.056"/>
  <system-out/>
</testsuite> <!-- com.nagarro.qa.testcases.LaunchPageTest -->
