<?xml version="1.0" encoding="UTF-8"?>
<!-- Generated by org.testng.reporters.JUnitReportReporter -->
<testsuite hostname="IN-63MZ9K3" failures="0" tests="4" name="com.nagarro.qa.testcases.LaunchPageTest" time="9.466" errors="0" timestamp="2022-10-21T12:08:44 IST" skipped="0">
  <testcase classname="com.nagarro.qa.testcases.LaunchPageTest" name="launchNagarroPageValidation" time="0.149"/>
  <system-out/>
  <testcase classname="com.nagarro.qa.testcases.LaunchPageTest" name="pageLableValidation" time="0.112"/>
  <system-out/>
  <testcase classname="com.nagarro.qa.testcases.LaunchPageTest" name="aboutUsButtonClick" time="9.129"/>
  <system-out/>
  <testcase classname="com.nagarro.qa.testcases.LaunchPageTest" name="NagarroAboutUsPageValidation" time="0.076"/>
  <system-out/>
</testsuite> <!-- com.nagarro.qa.testcases.LaunchPageTest -->
